[0102/112753.657:ERROR:process_reader_win.cc(123)] NtOpenThread: {Acceso denegado} Un proceso ha solicitado acceso a un objeto, pero no se le han concedido esos derechos de acceso. (0xc0000022)
[0102/112753.659:ERROR:exception_snapshot_win.cc(98)] thread ID 13004 not found in process
[0102/113309.762:ERROR:process_reader_win.cc(123)] NtOpenThread: {Acceso denegado} Un proceso ha solicitado acceso a un objeto, pero no se le han concedido esos derechos de acceso. (0xc0000022)
[0102/113309.764:ERROR:exception_snapshot_win.cc(98)] thread ID 5204 not found in process
[0102/113415.979:ERROR:process_reader_win.cc(123)] NtOpenThread: {Acceso denegado} Un proceso ha solicitado acceso a un objeto, pero no se le han concedido esos derechos de acceso. (0xc0000022)
[0102/113415.987:ERROR:exception_snapshot_win.cc(98)] thread ID 8488 not found in process
[0102/113432.243:ERROR:process_reader_win.cc(123)] NtOpenThread: {Acceso denegado} Un proceso ha solicitado acceso a un objeto, pero no se le han concedido esos derechos de acceso. (0xc0000022)
[0102/113432.244:ERROR:exception_snapshot_win.cc(98)] thread ID 12536 not found in process
[0102/125857.329:ERROR:process_reader_win.cc(123)] NtOpenThread: {Acceso denegado} Un proceso ha solicitado acceso a un objeto, pero no se le han concedido esos derechos de acceso. (0xc0000022)
[0102/125857.330:ERROR:exception_snapshot_win.cc(98)] thread ID 8164 not found in process
[0103/150211.971:ERROR:process_reader_win.cc(123)] NtOpenThread: {Acceso denegado} Un proceso ha solicitado acceso a un objeto, pero no se le han concedido esos derechos de acceso. (0xc0000022)
[0103/150211.979:ERROR:exception_snapshot_win.cc(98)] thread ID 14288 not found in process
[0103/161225.771:ERROR:process_reader_win.cc(123)] NtOpenThread: {Acceso denegado} Un proceso ha solicitado acceso a un objeto, pero no se le han concedido esos derechos de acceso. (0xc0000022)
[0103/161225.772:ERROR:exception_snapshot_win.cc(98)] thread ID 5160 not found in process
[0103/173755.712:ERROR:process_reader_win.cc(123)] NtOpenThread: {Acceso denegado} Un proceso ha solicitado acceso a un objeto, pero no se le han concedido esos derechos de acceso. (0xc0000022)
[0103/173755.713:ERROR:exception_snapshot_win.cc(98)] thread ID 1616 not found in process
[0103/173755.719:ERROR:process_reader_win.cc(123)] NtOpenThread: {Acceso denegado} Un proceso ha solicitado acceso a un objeto, pero no se le han concedido esos derechos de acceso. (0xc0000022)
[0103/173755.720:ERROR:exception_snapshot_win.cc(98)] thread ID 13020 not found in process
[0104/104220.330:ERROR:process_reader_win.cc(123)] NtOpenThread: {Acceso denegado} Un proceso ha solicitado acceso a un objeto, pero no se le han concedido esos derechos de acceso. (0xc0000022)
[0104/104220.333:ERROR:exception_snapshot_win.cc(98)] thread ID 5396 not found in process
[0104/110111.089:ERROR:process_reader_win.cc(123)] NtOpenThread: {Acceso denegado} Un proceso ha solicitado acceso a un objeto, pero no se le han concedido esos derechos de acceso. (0xc0000022)
[0104/110111.090:ERROR:exception_snapshot_win.cc(98)] thread ID 2064 not found in process
[0104/115123.531:ERROR:process_reader_win.cc(151)] SuspendThread: Acceso denegado. (0x5)
[0104/115123.532:ERROR:process_reader_win.cc(151)] SuspendThread: Acceso denegado. (0x5)
[0104/115123.532:ERROR:process_reader_win.cc(151)] SuspendThread: Acceso denegado. (0x5)
[0104/115123.532:ERROR:process_reader_win.cc(151)] SuspendThread: Acceso denegado. (0x5)
[0104/115123.532:ERROR:process_reader_win.cc(123)] NtOpenThread: {Acceso denegado} Un proceso ha solicitado acceso a un objeto, pero no se le han concedido esos derechos de acceso. (0xc0000022)
[0104/115123.533:ERROR:exception_snapshot_win.cc(98)] thread ID 11956 not found in process
[0104/115123.533:ERROR:process_reader_win.cc(151)] SuspendThread: Acceso denegado. (0x5)
[0104/115123.533:ERROR:process_reader_win.cc(151)] SuspendThread: Acceso denegado. (0x5)
[0104/115123.533:ERROR:process_reader_win.cc(151)] SuspendThread: Acceso denegado. (0x5)
[0104/115123.533:ERROR:process_reader_win.cc(151)] SuspendThread: Acceso denegado. (0x5)
[0104/115123.533:ERROR:process_reader_win.cc(123)] NtOpenThread: {Acceso denegado} Un proceso ha solicitado acceso a un objeto, pero no se le han concedido esos derechos de acceso. (0xc0000022)
[0104/115123.534:ERROR:exception_snapshot_win.cc(98)] thread ID 1340 not found in process
[0104/115123.544:ERROR:process_reader_win.cc(123)] NtOpenThread: {Acceso denegado} Un proceso ha solicitado acceso a un objeto, pero no se le han concedido esos derechos de acceso. (0xc0000022)
[0104/115123.545:ERROR:exception_snapshot_win.cc(98)] thread ID 13372 not found in process
[0104/115123.548:ERROR:process_reader_win.cc(123)] NtOpenThread: {Acceso denegado} Un proceso ha solicitado acceso a un objeto, pero no se le han concedido esos derechos de acceso. (0xc0000022)
[0104/115123.549:ERROR:exception_snapshot_win.cc(98)] thread ID 9132 not found in process
[0104/120853.858:ERROR:process_reader_win.cc(123)] NtOpenThread: {Acceso denegado} Un proceso ha solicitado acceso a un objeto, pero no se le han concedido esos derechos de acceso. (0xc0000022)
[0104/120853.859:ERROR:exception_snapshot_win.cc(98)] thread ID 3040 not found in process
[0104/140407.681:ERROR:process_reader_win.cc(151)] SuspendThread: Acceso denegado. (0x5)
[0104/140407.682:ERROR:process_reader_win.cc(151)] SuspendThread: Acceso denegado. (0x5)
[0104/140407.682:ERROR:process_reader_win.cc(151)] SuspendThread: Acceso denegado. (0x5)
[0104/140407.682:ERROR:process_reader_win.cc(151)] SuspendThread: Acceso denegado. (0x5)
[0104/140407.682:ERROR:process_reader_win.cc(151)] SuspendThread: Acceso denegado. (0x5)
[0104/140407.682:ERROR:process_reader_win.cc(151)] SuspendThread: Acceso denegado. (0x5)
[0104/140407.682:ERROR:process_reader_win.cc(151)] SuspendThread: Acceso denegado. (0x5)
[0104/140407.682:ERROR:process_reader_win.cc(151)] SuspendThread: Acceso denegado. (0x5)
[0104/140407.682:ERROR:process_reader_win.cc(151)] SuspendThread: Acceso denegado. (0x5)
[0104/140407.682:ERROR:process_reader_win.cc(151)] SuspendThread: Acceso denegado. (0x5)
[0104/140407.682:ERROR:process_reader_win.cc(151)] SuspendThread: Acceso denegado. (0x5)
[0104/140407.682:ERROR:process_reader_win.cc(151)] SuspendThread: Acceso denegado. (0x5)
[0104/140407.682:ERROR:process_reader_win.cc(151)] SuspendThread: Acceso denegado. (0x5)
[0104/140407.682:ERROR:process_reader_win.cc(151)] SuspendThread: Acceso denegado. (0x5)
[0104/140407.682:ERROR:process_reader_win.cc(151)] SuspendThread: Acceso denegado. (0x5)
[0104/140407.682:ERROR:process_reader_win.cc(151)] SuspendThread: Acceso denegado. (0x5)
[0104/140407.682:ERROR:process_reader_win.cc(151)] SuspendThread: Acceso denegado. (0x5)
[0104/140407.682:ERROR:process_reader_win.cc(151)] SuspendThread: Acceso denegado. (0x5)
[0104/140407.682:ERROR:process_reader_win.cc(151)] SuspendThread: Acceso denegado. (0x5)
[0104/140407.682:ERROR:process_reader_win.cc(151)] SuspendThread: Acceso denegado. (0x5)
[0104/140407.682:ERROR:process_reader_win.cc(151)] SuspendThread: Acceso denegado. (0x5)
[0104/140407.682:ERROR:process_reader_win.cc(123)] NtOpenThread: {Acceso denegado} Un proceso ha solicitado acceso a un objeto, pero no se le han concedido esos derechos de acceso. (0xc0000022)
[0104/140407.683:ERROR:exception_snapshot_win.cc(98)] thread ID 12328 not found in process
[0104/140407.691:ERROR:process_reader_win.cc(151)] SuspendThread: Acceso denegado. (0x5)
[0104/140407.692:ERROR:process_reader_win.cc(151)] SuspendThread: Acceso denegado. (0x5)
[0104/140407.692:ERROR:process_reader_win.cc(151)] SuspendThread: Acceso denegado. (0x5)
[0104/140407.692:ERROR:process_reader_win.cc(123)] NtOpenThread: {Acceso denegado} Un proceso ha solicitado acceso a un objeto, pero no se le han concedido esos derechos de acceso. (0xc0000022)
[0104/140407.692:ERROR:exception_snapshot_win.cc(98)] thread ID 14876 not found in process
[0104/164933.291:ERROR:process_reader_win.cc(123)] NtOpenThread: {Acceso denegado} Un proceso ha solicitado acceso a un objeto, pero no se le han concedido esos derechos de acceso. (0xc0000022)
[0104/164933.292:ERROR:exception_snapshot_win.cc(98)] thread ID 16112 not found in process
[0104/165625.583:ERROR:process_reader_win.cc(123)] NtOpenThread: {Acceso denegado} Un proceso ha solicitado acceso a un objeto, pero no se le han concedido esos derechos de acceso. (0xc0000022)
[0104/165625.584:ERROR:exception_snapshot_win.cc(98)] thread ID 15900 not found in process
[0106/140717.406:ERROR:process_reader_win.cc(123)] NtOpenThread: {Acceso denegado} Un proceso ha solicitado acceso a un objeto, pero no se le han concedido esos derechos de acceso. (0xc0000022)
[0106/140717.408:ERROR:exception_snapshot_win.cc(98)] thread ID 10068 not found in process
[0106/140917.358:ERROR:process_reader_win.cc(123)] NtOpenThread: {Acceso denegado} Un proceso ha solicitado acceso a un objeto, pero no se le han concedido esos derechos de acceso. (0xc0000022)
[0106/140917.359:ERROR:exception_snapshot_win.cc(98)] thread ID 9984 not found in process
[0106/163831.425:ERROR:process_reader_win.cc(151)] SuspendThread: Acceso denegado. (0x5)
[0106/163831.428:ERROR:process_reader_win.cc(151)] SuspendThread: Acceso denegado. (0x5)
[0106/163831.428:ERROR:process_reader_win.cc(151)] SuspendThread: Acceso denegado. (0x5)
[0106/163831.428:ERROR:process_reader_win.cc(151)] SuspendThread: Acceso denegado. (0x5)
[0106/163831.428:ERROR:process_reader_win.cc(151)] SuspendThread: Acceso denegado. (0x5)
[0106/163831.428:ERROR:process_reader_win.cc(123)] NtOpenThread: {Acceso denegado} Un proceso ha solicitado acceso a un objeto, pero no se le han concedido esos derechos de acceso. (0xc0000022)
[0106/163831.430:ERROR:exception_snapshot_win.cc(98)] thread ID 5788 not found in process
[0107/100325.146:ERROR:process_reader_win.cc(151)] SuspendThread: Acceso denegado. (0x5)
[0107/100325.146:ERROR:process_reader_win.cc(151)] SuspendThread: Acceso denegado. (0x5)
[0107/100325.146:ERROR:process_reader_win.cc(151)] SuspendThread: Acceso denegado. (0x5)
[0107/100325.146:ERROR:process_reader_win.cc(151)] SuspendThread: Acceso denegado. (0x5)
[0107/100325.146:ERROR:process_reader_win.cc(151)] SuspendThread: Acceso denegado. (0x5)
[0107/100325.146:ERROR:process_reader_win.cc(151)] SuspendThread: Acceso denegado. (0x5)
[0107/100325.146:ERROR:process_reader_win.cc(151)] SuspendThread: Acceso denegado. (0x5)
[0107/100325.146:ERROR:process_reader_win.cc(151)] SuspendThread: Acceso denegado. (0x5)
[0107/100325.146:ERROR:process_reader_win.cc(151)] SuspendThread: Acceso denegado. (0x5)
[0107/100325.146:ERROR:process_reader_win.cc(151)] SuspendThread: Acceso denegado. (0x5)
[0107/100325.146:ERROR:process_reader_win.cc(151)] SuspendThread: Acceso denegado. (0x5)
[0107/100325.146:ERROR:process_reader_win.cc(151)] SuspendThread: Acceso denegado. (0x5)
[0107/100325.146:ERROR:process_reader_win.cc(151)] SuspendThread: Acceso denegado. (0x5)
[0107/100325.146:ERROR:process_reader_win.cc(151)] SuspendThread: Acceso denegado. (0x5)
[0107/100325.146:ERROR:process_reader_win.cc(151)] SuspendThread: Acceso denegado. (0x5)
[0107/100325.146:ERROR:process_reader_win.cc(151)] SuspendThread: Acceso denegado. (0x5)
[0107/100325.146:ERROR:process_reader_win.cc(151)] SuspendThread: Acceso denegado. (0x5)
[0107/100325.146:ERROR:process_reader_win.cc(151)] SuspendThread: Acceso denegado. (0x5)
[0107/100325.146:ERROR:process_reader_win.cc(151)] SuspendThread: Acceso denegado. (0x5)
[0107/100325.146:ERROR:process_reader_win.cc(151)] SuspendThread: Acceso denegado. (0x5)
[0107/100325.146:ERROR:process_reader_win.cc(151)] SuspendThread: Acceso denegado. (0x5)
[0107/100325.147:ERROR:process_reader_win.cc(151)] SuspendThread: Acceso denegado. (0x5)
[0107/100325.147:ERROR:process_reader_win.cc(151)] SuspendThread: Acceso denegado. (0x5)
[0107/100325.147:ERROR:process_reader_win.cc(151)] SuspendThread: Acceso denegado. (0x5)
[0107/100325.147:ERROR:process_reader_win.cc(151)] SuspendThread: Acceso denegado. (0x5)
[0107/100325.147:ERROR:process_reader_win.cc(151)] SuspendThread: Acceso denegado. (0x5)
[0107/100325.147:ERROR:process_reader_win.cc(151)] SuspendThread: Acceso denegado. (0x5)
[0107/100325.147:ERROR:process_reader_win.cc(151)] SuspendThread: Acceso denegado. (0x5)
[0107/100325.147:ERROR:process_reader_win.cc(151)] SuspendThread: Acceso denegado. (0x5)
[0107/100325.146:ERROR:process_reader_win.cc(151)] SuspendThread: Acceso denegado. (0x5)
[0107/100325.147:ERROR:process_reader_win.cc(151)] SuspendThread: Acceso denegado. (0x5)
[0107/100325.147:ERROR:process_reader_win.cc(151)] SuspendThread: Acceso denegado. (0x5)
[0107/100325.147:ERROR:process_reader_win.cc(151)] SuspendThread: Acceso denegado. (0x5)
[0107/100325.147:ERROR:process_reader_win.cc(151)] SuspendThread: Acceso denegado. (0x5)
[0107/100325.147:ERROR:process_reader_win.cc(151)] SuspendThread: Acceso denegado. (0x5)
[0107/100325.147:ERROR:process_reader_win.cc(151)] SuspendThread: Acceso denegado. (0x5)
[0107/100325.147:ERROR:process_reader_win.cc(151)] SuspendThread: Acceso denegado. (0x5)
[0107/100325.147:ERROR:process_reader_win.cc(151)] SuspendThread: Acceso denegado. (0x5)
[0107/100325.147:ERROR:process_reader_win.cc(151)] SuspendThread: Acceso denegado. (0x5)
[0107/100325.147:ERROR:process_reader_win.cc(151)] SuspendThread: Acceso denegado. (0x5)
[0107/100325.147:ERROR:process_reader_win.cc(151)] SuspendThread: Acceso denegado. (0x5)
[0107/100325.147:ERROR:process_reader_win.cc(151)] SuspendThread: Acceso denegado. (0x5)
[0107/100325.147:ERROR:process_reader_win.cc(151)] SuspendThread: Acceso denegado. (0x5)
[0107/100325.147:ERROR:process_reader_win.cc(151)] SuspendThread: Acceso denegado. (0x5)
[0107/100325.147:ERROR:process_reader_win.cc(151)] SuspendThread: Acceso denegado. (0x5)
[0107/100325.148:ERROR:process_reader_win.cc(151)] SuspendThread: Acceso denegado. (0x5)
[0107/100325.148:ERROR:process_reader_win.cc(151)] SuspendThread: Acceso denegado. (0x5)
[0107/100325.148:ERROR:process_reader_win.cc(151)] SuspendThread: Acceso denegado. (0x5)
[0107/100325.148:ERROR:process_reader_win.cc(151)] SuspendThread: Acceso denegado. (0x5)
[0107/100325.148:ERROR:process_reader_win.cc(151)] SuspendThread: Acceso denegado. (0x5)
[0107/100325.147:ERROR:process_reader_win.cc(151)] SuspendThread: Acceso denegado. (0x5)
[0107/100325.148:ERROR:process_reader_win.cc(151)] SuspendThread: Acceso denegado. (0x5)
[0107/100325.148:ERROR:process_reader_win.cc(151)] SuspendThread: Acceso denegado. (0x5)
[0107/100325.148:ERROR:process_reader_win.cc(151)] SuspendThread: Acceso denegado. (0x5)
[0107/100325.148:ERROR:process_reader_win.cc(151)] SuspendThread: Acceso denegado. (0x5)
[0107/100325.148:ERROR:process_reader_win.cc(151)] SuspendThread: Acceso denegado. (0x5)
[0107/100325.148:ERROR:process_reader_win.cc(151)] SuspendThread: Acceso denegado. (0x5)
[0107/100325.148:ERROR:process_reader_win.cc(151)] SuspendThread: Acceso denegado. (0x5)
[0107/100325.148:ERROR:process_reader_win.cc(151)] SuspendThread: Acceso denegado. (0x5)
[0107/100325.148:ERROR:process_reader_win.cc(151)] SuspendThread: Acceso denegado. (0x5)
[0107/100325.148:ERROR:process_reader_win.cc(151)] SuspendThread: Acceso denegado. (0x5)
[0107/100325.148:ERROR:process_reader_win.cc(151)] SuspendThread: Acceso denegado. (0x5)
[0107/100325.148:ERROR:process_reader_win.cc(151)] SuspendThread: Acceso denegado. (0x5)
[0107/100325.148:ERROR:process_reader_win.cc(151)] SuspendThread: Acceso denegado. (0x5)
[0107/100325.148:ERROR:process_reader_win.cc(151)] SuspendThread: Acceso denegado. (0x5)
[0107/100325.148:ERROR:process_reader_win.cc(151)] SuspendThread: Acceso denegado. (0x5)
[0107/100325.148:ERROR:process_reader_win.cc(151)] SuspendThread: Acceso denegado. (0x5)
[0107/100325.148:ERROR:process_reader_win.cc(151)] SuspendThread: Acceso denegado. (0x5)
[0107/100325.149:ERROR:process_reader_win.cc(151)] SuspendThread: Acceso denegado. (0x5)
[0107/100325.149:ERROR:process_reader_win.cc(151)] SuspendThread: Acceso denegado. (0x5)
[0107/100325.149:ERROR:process_reader_win.cc(151)] SuspendThread: Acceso denegado. (0x5)
[0107/100325.149:ERROR:process_reader_win.cc(151)] SuspendThread: Acceso denegado. (0x5)
[0107/100325.149:ERROR:process_reader_win.cc(151)] SuspendThread: Acceso denegado. (0x5)
[0107/100325.149:ERROR:process_reader_win.cc(151)] SuspendThread: Acceso denegado. (0x5)
[0107/100325.149:ERROR:process_reader_win.cc(151)] SuspendThread: Acceso denegado. (0x5)
[0107/100325.149:ERROR:process_reader_win.cc(151)] SuspendThread: Acceso denegado. (0x5)
[0107/100325.149:ERROR:process_reader_win.cc(151)] SuspendThread: Acceso denegado. (0x5)
[0107/100325.149:ERROR:process_reader_win.cc(151)] SuspendThread: Acceso denegado. (0x5)
[0107/100325.149:ERROR:process_reader_win.cc(151)] SuspendThread: Acceso denegado. (0x5)
[0107/100325.149:ERROR:process_reader_win.cc(151)] SuspendThread: Acceso denegado. (0x5)
[0107/100325.149:ERROR:process_reader_win.cc(151)] SuspendThread: Acceso denegado. (0x5)
[0107/100325.149:ERROR:process_reader_win.cc(151)] SuspendThread: Acceso denegado. (0x5)
[0107/100325.149:ERROR:process_reader_win.cc(151)] SuspendThread: Acceso denegado. (0x5)
[0107/100325.149:ERROR:process_reader_win.cc(151)] SuspendThread: Acceso denegado. (0x5)
[0107/100325.149:ERROR:process_reader_win.cc(151)] SuspendThread: Acceso denegado. (0x5)
[0107/100325.149:ERROR:process_reader_win.cc(151)] SuspendThread: Acceso denegado. (0x5)
[0107/100325.149:ERROR:process_reader_win.cc(151)] SuspendThread: Acceso denegado. (0x5)
[0107/100325.150:ERROR:process_reader_win.cc(151)] SuspendThread: Acceso denegado. (0x5)
[0107/100325.151:ERROR:process_reader_win.cc(151)] SuspendThread: Acceso denegado. (0x5)
[0107/100325.151:ERROR:process_reader_win.cc(151)] SuspendThread: Acceso denegado. (0x5)
[0107/100325.151:ERROR:process_reader_win.cc(151)] SuspendThread: Acceso denegado. (0x5)
[0107/100325.151:ERROR:process_reader_win.cc(151)] SuspendThread: Acceso denegado. (0x5)
[0107/100325.151:ERROR:process_reader_win.cc(151)] SuspendThread: Acceso denegado. (0x5)
[0107/100325.147:ERROR:process_reader_win.cc(123)] NtOpenThread: {Acceso denegado} Un proceso ha solicitado acceso a un objeto, pero no se le han concedido esos derechos de acceso. (0xc0000022)
[0107/100325.154:ERROR:exception_snapshot_win.cc(98)] thread ID 17416 not found in process
[0107/100325.151:ERROR:process_reader_win.cc(123)] NtOpenThread: Se ha especificado un identificador de cliente no válido. (0xc000000b)
[0107/100325.155:ERROR:process_reader_win.cc(151)] SuspendThread: Acceso denegado. (0x5)
[0107/100325.155:ERROR:process_reader_win.cc(151)] SuspendThread: Acceso denegado. (0x5)
[0107/100325.155:ERROR:process_reader_win.cc(151)] SuspendThread: Acceso denegado. (0x5)
[0107/100325.155:ERROR:process_reader_win.cc(151)] SuspendThread: Acceso denegado. (0x5)
[0107/100325.155:ERROR:process_reader_win.cc(151)] SuspendThread: Acceso denegado. (0x5)
[0107/100325.155:ERROR:process_reader_win.cc(151)] SuspendThread: Acceso denegado. (0x5)
[0107/100325.155:ERROR:process_reader_win.cc(151)] SuspendThread: Acceso denegado. (0x5)
[0107/100325.155:ERROR:process_reader_win.cc(151)] SuspendThread: Acceso denegado. (0x5)
[0107/100325.155:ERROR:process_reader_win.cc(151)] SuspendThread: Acceso denegado. (0x5)
[0107/100325.155:ERROR:process_reader_win.cc(151)] SuspendThread: Acceso denegado. (0x5)
[0107/100325.155:ERROR:process_reader_win.cc(151)] SuspendThread: Acceso denegado. (0x5)
[0107/100325.155:ERROR:process_reader_win.cc(151)] SuspendThread: Acceso denegado. (0x5)
[0107/100325.155:ERROR:process_reader_win.cc(151)] SuspendThread: Acceso denegado. (0x5)
[0107/100325.148:ERROR:process_reader_win.cc(123)] NtOpenThread: {Acceso denegado} Un proceso ha solicitado acceso a un objeto, pero no se le han concedido esos derechos de acceso. (0xc0000022)
[0107/100325.155:ERROR:process_reader_win.cc(151)] SuspendThread: Acceso denegado. (0x5)
[0107/100325.155:ERROR:exception_snapshot_win.cc(98)] thread ID 15528 not found in process
[0107/100325.155:ERROR:process_reader_win.cc(151)] SuspendThread: Acceso denegado. (0x5)
[0107/100325.155:ERROR:process_reader_win.cc(151)] SuspendThread: Acceso denegado. (0x5)
[0107/100325.155:ERROR:process_reader_win.cc(151)] SuspendThread: Acceso denegado. (0x5)
[0107/100325.155:ERROR:process_reader_win.cc(151)] SuspendThread: Acceso denegado. (0x5)
[0107/100325.155:ERROR:process_reader_win.cc(151)] SuspendThread: Acceso denegado. (0x5)
[0107/100325.149:ERROR:process_reader_win.cc(123)] NtOpenThread: {Acceso denegado} Un proceso ha solicitado acceso a un objeto, pero no se le han concedido esos derechos de acceso. (0xc0000022)
[0107/100325.155:ERROR:process_reader_win.cc(151)] SuspendThread: Acceso denegado. (0x5)
[0107/100325.155:ERROR:exception_snapshot_win.cc(98)] thread ID 18136 not found in process
[0107/100325.155:ERROR:process_reader_win.cc(151)] SuspendThread: Acceso denegado. (0x5)
[0107/100325.155:ERROR:process_reader_win.cc(151)] SuspendThread: Acceso denegado. (0x5)
[0107/100325.155:ERROR:process_reader_win.cc(151)] SuspendThread: Acceso denegado. (0x5)
[0107/100325.155:ERROR:process_reader_win.cc(151)] SuspendThread: Acceso denegado. (0x5)
[0107/100325.155:ERROR:process_reader_win.cc(123)] NtOpenThread: {Acceso denegado} Un proceso ha solicitado acceso a un objeto, pero no se le han concedido esos derechos de acceso. (0xc0000022)
[0107/100325.155:ERROR:exception_snapshot_win.cc(98)] thread ID 1476 not found in process
[0107/164307.704:ERROR:process_reader_win.cc(123)] NtOpenThread: {Acceso denegado} Un proceso ha solicitado acceso a un objeto, pero no se le han concedido esos derechos de acceso. (0xc0000022)
[0107/164307.705:ERROR:exception_snapshot_win.cc(98)] thread ID 17428 not found in process
[0108/102647.985:ERROR:process_reader_win.cc(151)] SuspendThread: Acceso denegado. (0x5)
[0108/102647.996:ERROR:process_reader_win.cc(151)] SuspendThread: Acceso denegado. (0x5)
[0108/102647.996:ERROR:process_reader_win.cc(151)] SuspendThread: Acceso denegado. (0x5)
[0108/102647.996:ERROR:process_reader_win.cc(151)] SuspendThread: Acceso denegado. (0x5)
[0108/102647.996:ERROR:process_reader_win.cc(151)] SuspendThread: Acceso denegado. (0x5)
[0108/102647.996:ERROR:process_reader_win.cc(151)] SuspendThread: Acceso denegado. (0x5)
[0108/102647.996:ERROR:process_reader_win.cc(151)] SuspendThread: Acceso denegado. (0x5)
[0108/102647.996:ERROR:process_reader_win.cc(151)] SuspendThread: Acceso denegado. (0x5)
[0108/102647.996:ERROR:process_reader_win.cc(151)] SuspendThread: Acceso denegado. (0x5)
[0108/102647.996:ERROR:process_reader_win.cc(151)] SuspendThread: Acceso denegado. (0x5)
[0108/102647.996:ERROR:process_reader_win.cc(151)] SuspendThread: Acceso denegado. (0x5)
[0108/102647.996:ERROR:process_reader_win.cc(151)] SuspendThread: Acceso denegado. (0x5)
[0108/102647.996:ERROR:process_reader_win.cc(151)] SuspendThread: Acceso denegado. (0x5)
[0108/102647.996:ERROR:process_reader_win.cc(151)] SuspendThread: Acceso denegado. (0x5)
[0108/102647.996:ERROR:process_reader_win.cc(151)] SuspendThread: Acceso denegado. (0x5)
[0108/102647.997:ERROR:process_reader_win.cc(151)] SuspendThread: Acceso denegado. (0x5)
[0108/102647.997:ERROR:process_reader_win.cc(151)] SuspendThread: Acceso denegado. (0x5)
[0108/102647.997:ERROR:process_reader_win.cc(151)] SuspendThread: Acceso denegado. (0x5)
[0108/102647.997:ERROR:process_reader_win.cc(151)] SuspendThread: Acceso denegado. (0x5)
[0108/102647.997:ERROR:process_reader_win.cc(151)] SuspendThread: Acceso denegado. (0x5)
[0108/102647.997:ERROR:process_reader_win.cc(151)] SuspendThread: Acceso denegado. (0x5)
[0108/102647.997:ERROR:process_reader_win.cc(151)] SuspendThread: Acceso denegado. (0x5)
[0108/102647.997:ERROR:process_reader_win.cc(151)] SuspendThread: Acceso denegado. (0x5)
[0108/102647.997:ERROR:process_reader_win.cc(151)] SuspendThread: Acceso denegado. (0x5)
[0108/102647.997:ERROR:process_reader_win.cc(151)] SuspendThread: Acceso denegado. (0x5)
[0108/102647.998:ERROR:process_reader_win.cc(151)] SuspendThread: Acceso denegado. (0x5)
[0108/102647.998:ERROR:process_reader_win.cc(151)] SuspendThread: Acceso denegado. (0x5)
[0108/102647.998:ERROR:process_reader_win.cc(123)] NtOpenThread: {Acceso denegado} Un proceso ha solicitado acceso a un objeto, pero no se le han concedido esos derechos de acceso. (0xc0000022)
[0108/102647.999:ERROR:exception_snapshot_win.cc(98)] thread ID 17376 not found in process
[0108/102647.986:ERROR:process_reader_win.cc(151)] SuspendThread: Acceso denegado. (0x5)
[0108/102648.000:ERROR:process_reader_win.cc(151)] SuspendThread: Acceso denegado. (0x5)
[0108/102648.000:ERROR:process_reader_win.cc(151)] SuspendThread: Acceso denegado. (0x5)
[0108/102648.000:ERROR:process_reader_win.cc(151)] SuspendThread: Acceso denegado. (0x5)
[0108/102648.001:ERROR:process_reader_win.cc(151)] SuspendThread: Acceso denegado. (0x5)
[0108/102648.001:ERROR:process_reader_win.cc(151)] SuspendThread: Acceso denegado. (0x5)
[0108/102648.001:ERROR:process_reader_win.cc(151)] SuspendThread: Acceso denegado. (0x5)
[0108/102648.001:ERROR:process_reader_win.cc(151)] SuspendThread: Acceso denegado. (0x5)
[0108/102648.001:ERROR:process_reader_win.cc(151)] SuspendThread: Acceso denegado. (0x5)
[0108/102648.001:ERROR:process_reader_win.cc(123)] NtOpenThread: Se ha especificado un identificador de cliente no válido. (0xc000000b)
[0108/102648.001:ERROR:process_reader_win.cc(151)] SuspendThread: Acceso denegado. (0x5)
[0108/102648.001:ERROR:process_reader_win.cc(151)] SuspendThread: Acceso denegado. (0x5)
[0108/102648.001:ERROR:process_reader_win.cc(151)] SuspendThread: Acceso denegado. (0x5)
[0108/102648.001:ERROR:process_reader_win.cc(151)] SuspendThread: Acceso denegado. (0x5)
[0108/102648.001:ERROR:process_reader_win.cc(151)] SuspendThread: Acceso denegado. (0x5)
[0108/102648.001:ERROR:process_reader_win.cc(151)] SuspendThread: Acceso denegado. (0x5)
[0108/102648.001:ERROR:process_reader_win.cc(151)] SuspendThread: Acceso denegado. (0x5)
[0108/102648.001:ERROR:process_reader_win.cc(151)] SuspendThread: Acceso denegado. (0x5)
[0108/102648.001:ERROR:process_reader_win.cc(151)] SuspendThread: Acceso denegado. (0x5)
[0108/102648.001:ERROR:process_reader_win.cc(151)] SuspendThread: Acceso denegado. (0x5)
[0108/102648.001:ERROR:process_reader_win.cc(151)] SuspendThread: Acceso denegado. (0x5)
[0108/102648.002:ERROR:process_reader_win.cc(151)] SuspendThread: Acceso denegado. (0x5)
[0108/102648.002:ERROR:process_reader_win.cc(151)] SuspendThread: Acceso denegado. (0x5)
[0108/102648.002:ERROR:process_reader_win.cc(151)] SuspendThread: Acceso denegado. (0x5)
[0108/102648.002:ERROR:process_reader_win.cc(151)] SuspendThread: Acceso denegado. (0x5)
[0108/102648.002:ERROR:process_reader_win.cc(151)] SuspendThread: Acceso denegado. (0x5)
[0108/102648.002:ERROR:process_reader_win.cc(151)] SuspendThread: Acceso denegado. (0x5)
[0108/102648.002:ERROR:process_reader_win.cc(151)] SuspendThread: Acceso denegado. (0x5)
[0108/102648.002:ERROR:process_reader_win.cc(151)] SuspendThread: Acceso denegado. (0x5)
[0108/102648.002:ERROR:process_reader_win.cc(151)] SuspendThread: Acceso denegado. (0x5)
[0108/102648.002:ERROR:process_reader_win.cc(151)] SuspendThread: Acceso denegado. (0x5)
[0108/102648.002:ERROR:process_reader_win.cc(151)] SuspendThread: Acceso denegado. (0x5)
[0108/102648.002:ERROR:process_reader_win.cc(151)] SuspendThread: Acceso denegado. (0x5)
[0108/102648.002:ERROR:process_reader_win.cc(151)] SuspendThread: Acceso denegado. (0x5)
[0108/102648.002:ERROR:process_reader_win.cc(151)] SuspendThread: Acceso denegado. (0x5)
[0108/102648.002:ERROR:process_reader_win.cc(151)] SuspendThread: Acceso denegado. (0x5)
[0108/102648.002:ERROR:process_reader_win.cc(151)] SuspendThread: Acceso denegado. (0x5)
[0108/102648.002:ERROR:process_reader_win.cc(151)] SuspendThread: Acceso denegado. (0x5)
[0108/102648.002:ERROR:process_reader_win.cc(151)] SuspendThread: Acceso denegado. (0x5)
[0108/102648.001:ERROR:process_reader_win.cc(151)] SuspendThread: Acceso denegado. (0x5)
[0108/102648.002:ERROR:process_reader_win.cc(151)] SuspendThread: Acceso denegado. (0x5)
[0108/102648.002:ERROR:process_reader_win.cc(151)] SuspendThread: Acceso denegado. (0x5)
[0108/102648.002:ERROR:process_reader_win.cc(151)] SuspendThread: Acceso denegado. (0x5)
[0108/102648.002:ERROR:process_reader_win.cc(151)] SuspendThread: Acceso denegado. (0x5)
[0108/102648.002:ERROR:process_reader_win.cc(151)] SuspendThread: Acceso denegado. (0x5)
[0108/102648.002:ERROR:process_reader_win.cc(123)] NtOpenThread: {Acceso denegado} Un proceso ha solicitado acceso a un objeto, pero no se le han concedido esos derechos de acceso. (0xc0000022)
[0108/102648.002:ERROR:process_reader_win.cc(151)] SuspendThread: Acceso denegado. (0x5)
[0108/102648.002:ERROR:exception_snapshot_win.cc(98)] thread ID 2236 not found in process
[0108/102648.002:ERROR:process_reader_win.cc(151)] SuspendThread: Acceso denegado. (0x5)
[0108/102648.002:ERROR:process_reader_win.cc(151)] SuspendThread: Acceso denegado. (0x5)
[0108/102648.003:ERROR:process_reader_win.cc(151)] SuspendThread: Acceso denegado. (0x5)
[0108/102648.003:ERROR:process_reader_win.cc(151)] SuspendThread: Acceso denegado. (0x5)
[0108/102648.003:ERROR:process_reader_win.cc(151)] SuspendThread: Acceso denegado. (0x5)
[0108/102648.003:ERROR:process_reader_win.cc(151)] SuspendThread: Acceso denegado. (0x5)
[0108/102648.003:ERROR:process_reader_win.cc(151)] SuspendThread: Acceso denegado. (0x5)
[0108/102648.003:ERROR:process_reader_win.cc(151)] SuspendThread: Acceso denegado. (0x5)
[0108/102648.003:ERROR:process_reader_win.cc(151)] SuspendThread: Acceso denegado. (0x5)
[0108/102648.003:ERROR:process_reader_win.cc(151)] SuspendThread: Acceso denegado. (0x5)
[0108/102648.003:ERROR:process_reader_win.cc(151)] SuspendThread: Acceso denegado. (0x5)
[0108/102648.003:ERROR:process_reader_win.cc(151)] SuspendThread: Acceso denegado. (0x5)
[0108/102648.003:ERROR:process_reader_win.cc(151)] SuspendThread: Acceso denegado. (0x5)
[0108/102648.003:ERROR:process_reader_win.cc(151)] SuspendThread: Acceso denegado. (0x5)
[0108/102648.003:ERROR:process_reader_win.cc(151)] SuspendThread: Acceso denegado. (0x5)
[0108/102648.003:ERROR:process_reader_win.cc(151)] SuspendThread: Acceso denegado. (0x5)
[0108/102648.003:ERROR:process_reader_win.cc(151)] SuspendThread: Acceso denegado. (0x5)
[0108/102648.003:ERROR:process_reader_win.cc(151)] SuspendThread: Acceso denegado. (0x5)
[0108/102648.003:ERROR:process_reader_win.cc(151)] SuspendThread: Acceso denegado. (0x5)
[0108/102648.003:ERROR:process_reader_win.cc(151)] SuspendThread: Acceso denegado. (0x5)
[0108/102648.003:ERROR:process_reader_win.cc(151)] SuspendThread: Acceso denegado. (0x5)
[0108/102648.003:ERROR:process_reader_win.cc(151)] SuspendThread: Acceso denegado. (0x5)
[0108/102648.003:ERROR:process_reader_win.cc(151)] SuspendThread: Acceso denegado. (0x5)
[0108/102648.003:ERROR:process_reader_win.cc(123)] NtOpenThread: {Acceso denegado} Un proceso ha solicitado acceso a un objeto, pero no se le han concedido esos derechos de acceso. (0xc0000022)
[0108/102648.004:ERROR:exception_snapshot_win.cc(98)] thread ID 560 not found in process
[0108/102648.015:ERROR:process_reader_win.cc(151)] SuspendThread: Acceso denegado. (0x5)
[0108/102648.019:ERROR:process_reader_win.cc(151)] SuspendThread: Acceso denegado. (0x5)
[0108/102648.019:ERROR:process_reader_win.cc(151)] SuspendThread: Acceso denegado. (0x5)
[0108/102648.019:ERROR:process_reader_win.cc(151)] SuspendThread: Acceso denegado. (0x5)
[0108/102648.019:ERROR:process_reader_win.cc(151)] SuspendThread: Acceso denegado. (0x5)
[0108/102648.019:ERROR:process_reader_win.cc(151)] SuspendThread: Acceso denegado. (0x5)
[0108/102648.019:ERROR:process_reader_win.cc(151)] SuspendThread: Acceso denegado. (0x5)
[0108/102648.019:ERROR:process_reader_win.cc(151)] SuspendThread: Acceso denegado. (0x5)
[0108/102648.019:ERROR:process_reader_win.cc(151)] SuspendThread: Acceso denegado. (0x5)
[0108/102648.019:ERROR:process_reader_win.cc(151)] SuspendThread: Acceso denegado. (0x5)
[0108/102648.019:ERROR:process_reader_win.cc(123)] NtOpenThread: {Acceso denegado} Un proceso ha solicitado acceso a un objeto, pero no se le han concedido esos derechos de acceso. (0xc0000022)
[0108/102648.020:ERROR:exception_snapshot_win.cc(98)] thread ID 6544 not found in process
[0108/102647.985:ERROR:process_reader_win.cc(151)] SuspendThread: Acceso denegado. (0x5)
[0108/102648.022:ERROR:process_reader_win.cc(151)] SuspendThread: Acceso denegado. (0x5)
[0108/102648.022:ERROR:process_reader_win.cc(151)] SuspendThread: Acceso denegado. (0x5)
[0108/102648.022:ERROR:process_reader_win.cc(151)] SuspendThread: Acceso denegado. (0x5)
[0108/102648.022:ERROR:process_reader_win.cc(151)] SuspendThread: Acceso denegado. (0x5)
[0108/102648.022:ERROR:process_reader_win.cc(151)] SuspendThread: Acceso denegado. (0x5)
[0108/102648.022:ERROR:process_reader_win.cc(151)] SuspendThread: Acceso denegado. (0x5)
[0108/102648.022:ERROR:process_reader_win.cc(151)] SuspendThread: Acceso denegado. (0x5)
[0108/102648.022:ERROR:process_reader_win.cc(123)] NtOpenThread: Se ha especificado un identificador de cliente no válido. (0xc000000b)
[0108/102648.022:ERROR:process_reader_win.cc(151)] SuspendThread: Acceso denegado. (0x5)
[0108/102648.022:ERROR:process_reader_win.cc(151)] SuspendThread: Acceso denegado. (0x5)
[0108/102648.022:ERROR:process_reader_win.cc(151)] SuspendThread: Acceso denegado. (0x5)
[0108/102648.022:ERROR:process_reader_win.cc(151)] SuspendThread: Acceso denegado. (0x5)
[0108/102648.022:ERROR:process_reader_win.cc(151)] SuspendThread: Acceso denegado. (0x5)
[0108/102648.022:ERROR:process_reader_win.cc(151)] SuspendThread: Acceso denegado. (0x5)
[0108/102648.022:ERROR:process_reader_win.cc(151)] SuspendThread: Acceso denegado. (0x5)
[0108/102648.022:ERROR:process_reader_win.cc(151)] SuspendThread: Acceso denegado. (0x5)
[0108/102648.022:ERROR:process_reader_win.cc(151)] SuspendThread: Acceso denegado. (0x5)
[0108/102648.023:ERROR:process_reader_win.cc(151)] SuspendThread: Acceso denegado. (0x5)
[0108/102648.023:ERROR:process_reader_win.cc(151)] SuspendThread: Acceso denegado. (0x5)
[0108/102648.023:ERROR:process_reader_win.cc(151)] SuspendThread: Acceso denegado. (0x5)
[0108/102648.023:ERROR:process_reader_win.cc(151)] SuspendThread: Acceso denegado. (0x5)
[0108/102648.023:ERROR:process_reader_win.cc(151)] SuspendThread: Acceso denegado. (0x5)
[0108/102648.023:ERROR:process_reader_win.cc(151)] SuspendThread: Acceso denegado. (0x5)
[0108/102648.023:ERROR:process_reader_win.cc(151)] SuspendThread: Acceso denegado. (0x5)
[0108/102648.023:ERROR:process_reader_win.cc(151)] SuspendThread: Acceso denegado. (0x5)
[0108/102648.023:ERROR:process_reader_win.cc(151)] SuspendThread: Acceso denegado. (0x5)
[0108/102648.023:ERROR:process_reader_win.cc(151)] SuspendThread: Acceso denegado. (0x5)
[0108/102648.023:ERROR:process_reader_win.cc(151)] SuspendThread: Acceso denegado. (0x5)
[0108/102648.023:ERROR:process_reader_win.cc(151)] SuspendThread: Acceso denegado. (0x5)
[0108/102648.023:ERROR:process_reader_win.cc(151)] SuspendThread: Acceso denegado. (0x5)
[0108/102648.023:ERROR:process_reader_win.cc(151)] SuspendThread: Acceso denegado. (0x5)
[0108/102648.023:ERROR:process_reader_win.cc(151)] SuspendThread: Acceso denegado. (0x5)
[0108/102648.023:ERROR:process_reader_win.cc(151)] SuspendThread: Acceso denegado. (0x5)
[0108/102648.023:ERROR:process_reader_win.cc(151)] SuspendThread: Acceso denegado. (0x5)
[0108/102648.023:ERROR:process_reader_win.cc(151)] SuspendThread: Acceso denegado. (0x5)
[0108/102648.023:ERROR:process_reader_win.cc(151)] SuspendThread: Acceso denegado. (0x5)
[0108/102648.023:ERROR:process_reader_win.cc(151)] SuspendThread: Acceso denegado. (0x5)
[0108/102648.023:ERROR:process_reader_win.cc(123)] NtOpenThread: {Acceso denegado} Un proceso ha solicitado acceso a un objeto, pero no se le han concedido esos derechos de acceso. (0xc0000022)
[0108/102648.023:ERROR:exception_snapshot_win.cc(98)] thread ID 4472 not found in process
[0108/102648.040:ERROR:process_reader_win.cc(123)] NtOpenThread: {Acceso denegado} Un proceso ha solicitado acceso a un objeto, pero no se le han concedido esos derechos de acceso. (0xc0000022)
[0108/102648.041:ERROR:exception_snapshot_win.cc(98)] thread ID 17500 not found in process
[0108/104855.220:ERROR:process_reader_win.cc(151)] SuspendThread: Acceso denegado. (0x5)
[0108/104855.221:ERROR:process_reader_win.cc(151)] SuspendThread: Acceso denegado. (0x5)
[0108/104855.222:ERROR:process_reader_win.cc(151)] SuspendThread: Acceso denegado. (0x5)
[0108/104855.222:ERROR:process_reader_win.cc(151)] SuspendThread: Acceso denegado. (0x5)
[0108/104855.222:ERROR:process_reader_win.cc(151)] SuspendThread: Acceso denegado. (0x5)
[0108/104855.222:ERROR:process_reader_win.cc(151)] SuspendThread: Acceso denegado. (0x5)
[0108/104855.222:ERROR:process_reader_win.cc(151)] SuspendThread: Acceso denegado. (0x5)
[0108/104855.222:ERROR:process_reader_win.cc(151)] SuspendThread: Acceso denegado. (0x5)
[0108/104855.222:ERROR:process_reader_win.cc(123)] NtOpenThread: {Acceso denegado} Un proceso ha solicitado acceso a un objeto, pero no se le han concedido esos derechos de acceso. (0xc0000022)
[0108/104855.222:ERROR:exception_snapshot_win.cc(98)] thread ID 17168 not found in process
[0108/104855.224:ERROR:process_reader_win.cc(151)] SuspendThread: Acceso denegado. (0x5)
[0108/104855.225:ERROR:process_reader_win.cc(151)] SuspendThread: Acceso denegado. (0x5)
[0108/104855.225:ERROR:process_reader_win.cc(151)] SuspendThread: Acceso denegado. (0x5)
[0108/104855.225:ERROR:process_reader_win.cc(151)] SuspendThread: Acceso denegado. (0x5)
[0108/104855.225:ERROR:process_reader_win.cc(123)] NtOpenThread: {Acceso denegado} Un proceso ha solicitado acceso a un objeto, pero no se le han concedido esos derechos de acceso. (0xc0000022)
[0108/104855.227:ERROR:exception_snapshot_win.cc(98)] thread ID 12536 not found in process
[0108/104937.334:ERROR:process_reader_win.cc(123)] NtOpenThread: {Acceso denegado} Un proceso ha solicitado acceso a un objeto, pero no se le han concedido esos derechos de acceso. (0xc0000022)
[0108/104937.336:ERROR:exception_snapshot_win.cc(98)] thread ID 17068 not found in process
[0108/104937.336:ERROR:process_reader_win.cc(123)] NtOpenThread: {Acceso denegado} Un proceso ha solicitado acceso a un objeto, pero no se le han concedido esos derechos de acceso. (0xc0000022)
[0108/104937.337:ERROR:exception_snapshot_win.cc(98)] thread ID 9488 not found in process
[0108/142534.563:ERROR:process_reader_win.cc(123)] NtOpenThread: {Acceso denegado} Un proceso ha solicitado acceso a un objeto, pero no se le han concedido esos derechos de acceso. (0xc0000022)
[0108/142534.564:ERROR:exception_snapshot_win.cc(98)] thread ID 18656 not found in process
[0108/142724.769:ERROR:process_reader_win.cc(151)] SuspendThread: Acceso denegado. (0x5)
[0108/142724.770:ERROR:process_reader_win.cc(151)] SuspendThread: Acceso denegado. (0x5)
[0108/142724.770:ERROR:process_reader_win.cc(151)] SuspendThread: Acceso denegado. (0x5)
[0108/142724.770:ERROR:process_reader_win.cc(151)] SuspendThread: Acceso denegado. (0x5)
[0108/142724.770:ERROR:process_reader_win.cc(123)] NtOpenThread: {Acceso denegado} Un proceso ha solicitado acceso a un objeto, pero no se le han concedido esos derechos de acceso. (0xc0000022)
[0108/142724.770:ERROR:exception_snapshot_win.cc(98)] thread ID 7396 not found in process
[0108/161214.578:ERROR:process_reader_win.cc(123)] NtOpenThread: {Acceso denegado} Un proceso ha solicitado acceso a un objeto, pero no se le han concedido esos derechos de acceso. (0xc0000022)
[0108/161214.579:ERROR:exception_snapshot_win.cc(98)] thread ID 16164 not found in process
[0108/161214.579:ERROR:process_reader_win.cc(123)] NtOpenThread: {Acceso denegado} Un proceso ha solicitado acceso a un objeto, pero no se le han concedido esos derechos de acceso. (0xc0000022)
[0108/161214.582:ERROR:exception_snapshot_win.cc(98)] thread ID 8644 not found in process
[0108/161411.828:ERROR:process_reader_win.cc(123)] NtOpenThread: {Acceso denegado} Un proceso ha solicitado acceso a un objeto, pero no se le han concedido esos derechos de acceso. (0xc0000022)
[0108/161411.829:ERROR:exception_snapshot_win.cc(98)] thread ID 6832 not found in process
[0108/161411.840:ERROR:process_reader_win.cc(123)] NtOpenThread: {Acceso denegado} Un proceso ha solicitado acceso a un objeto, pero no se le han concedido esos derechos de acceso. (0xc0000022)
[0108/161411.841:ERROR:exception_snapshot_win.cc(98)] thread ID 12444 not found in process
[0108/161538.631:ERROR:process_reader_win.cc(123)] NtOpenThread: {Acceso denegado} Un proceso ha solicitado acceso a un objeto, pero no se le han concedido esos derechos de acceso. (0xc0000022)
[0108/161538.632:ERROR:exception_snapshot_win.cc(98)] thread ID 9540 not found in process
[0108/161538.632:ERROR:process_reader_win.cc(123)] NtOpenThread: {Acceso denegado} Un proceso ha solicitado acceso a un objeto, pero no se le han concedido esos derechos de acceso. (0xc0000022)
[0108/161538.633:ERROR:exception_snapshot_win.cc(98)] thread ID 9960 not found in process
[0108/162828.129:ERROR:process_reader_win.cc(123)] NtOpenThread: {Acceso denegado} Un proceso ha solicitado acceso a un objeto, pero no se le han concedido esos derechos de acceso. (0xc0000022)
[0108/162828.130:ERROR:exception_snapshot_win.cc(98)] thread ID 15024 not found in process
[0108/162828.134:ERROR:process_reader_win.cc(123)] NtOpenThread: {Acceso denegado} Un proceso ha solicitado acceso a un objeto, pero no se le han concedido esos derechos de acceso. (0xc0000022)
[0108/162828.138:ERROR:exception_snapshot_win.cc(98)] thread ID 19680 not found in process
[0108/162915.469:ERROR:process_reader_win.cc(123)] NtOpenThread: {Acceso denegado} Un proceso ha solicitado acceso a un objeto, pero no se le han concedido esos derechos de acceso. (0xc0000022)
[0108/162915.471:ERROR:exception_snapshot_win.cc(98)] thread ID 6540 not found in process
[0108/162915.475:ERROR:process_reader_win.cc(123)] NtOpenThread: {Acceso denegado} Un proceso ha solicitado acceso a un objeto, pero no se le han concedido esos derechos de acceso. (0xc0000022)
[0108/162915.480:ERROR:exception_snapshot_win.cc(98)] thread ID 19252 not found in process
[0108/162931.385:ERROR:process_reader_win.cc(123)] NtOpenThread: {Acceso denegado} Un proceso ha solicitado acceso a un objeto, pero no se le han concedido esos derechos de acceso. (0xc0000022)
[0108/162931.387:ERROR:exception_snapshot_win.cc(98)] thread ID 7656 not found in process
[0108/163103.040:ERROR:process_reader_win.cc(151)] SuspendThread: Acceso denegado. (0x5)
[0108/163103.041:ERROR:process_reader_win.cc(151)] SuspendThread: Acceso denegado. (0x5)
[0108/163103.040:ERROR:process_reader_win.cc(151)] SuspendThread: Acceso denegado. (0x5)
[0108/163103.041:ERROR:process_reader_win.cc(151)] SuspendThread: Acceso denegado. (0x5)
[0108/163103.041:ERROR:process_reader_win.cc(151)] SuspendThread: Acceso denegado. (0x5)
[0108/163103.041:ERROR:process_reader_win.cc(151)] SuspendThread: Acceso denegado. (0x5)
[0108/163103.041:ERROR:process_reader_win.cc(151)] SuspendThread: Acceso denegado. (0x5)
[0108/163103.041:ERROR:process_reader_win.cc(123)] NtOpenThread: {Acceso denegado} Un proceso ha solicitado acceso a un objeto, pero no se le han concedido esos derechos de acceso. (0xc0000022)
[0108/163103.041:ERROR:exception_snapshot_win.cc(98)] thread ID 7252 not found in process
[0108/163103.041:ERROR:process_reader_win.cc(123)] NtOpenThread: {Acceso denegado} Un proceso ha solicitado acceso a un objeto, pero no se le han concedido esos derechos de acceso. (0xc0000022)
[0108/163103.041:ERROR:exception_snapshot_win.cc(98)] thread ID 17132 not found in process
[0108/163139.934:ERROR:process_reader_win.cc(123)] NtOpenThread: {Acceso denegado} Un proceso ha solicitado acceso a un objeto, pero no se le han concedido esos derechos de acceso. (0xc0000022)
[0108/163139.935:ERROR:exception_snapshot_win.cc(98)] thread ID 18880 not found in process
[0108/163139.945:ERROR:process_reader_win.cc(123)] NtOpenThread: {Acceso denegado} Un proceso ha solicitado acceso a un objeto, pero no se le han concedido esos derechos de acceso. (0xc0000022)
[0108/163139.948:ERROR:exception_snapshot_win.cc(98)] thread ID 16288 not found in process
[0108/175835.624:ERROR:process_reader_win.cc(123)] NtOpenThread: {Acceso denegado} Un proceso ha solicitado acceso a un objeto, pero no se le han concedido esos derechos de acceso. (0xc0000022)
[0108/175835.625:ERROR:exception_snapshot_win.cc(98)] thread ID 14140 not found in process
[0109/100111.238:ERROR:process_reader_win.cc(151)] SuspendThread: Acceso denegado. (0x5)
[0109/100111.240:ERROR:process_reader_win.cc(151)] SuspendThread: Acceso denegado. (0x5)
[0109/100111.240:ERROR:process_reader_win.cc(151)] SuspendThread: Acceso denegado. (0x5)
[0109/100111.240:ERROR:process_reader_win.cc(151)] SuspendThread: Acceso denegado. (0x5)
[0109/100111.240:ERROR:process_reader_win.cc(151)] SuspendThread: Acceso denegado. (0x5)
[0109/100111.239:ERROR:process_reader_win.cc(151)] SuspendThread: Acceso denegado. (0x5)
[0109/100111.240:ERROR:process_reader_win.cc(151)] SuspendThread: Acceso denegado. (0x5)
[0109/100111.240:ERROR:process_reader_win.cc(151)] SuspendThread: Acceso denegado. (0x5)
[0109/100111.240:ERROR:process_reader_win.cc(151)] SuspendThread: Acceso denegado. (0x5)
[0109/100111.240:ERROR:process_reader_win.cc(151)] SuspendThread: Acceso denegado. (0x5)
[0109/100111.240:ERROR:process_reader_win.cc(151)] SuspendThread: Acceso denegado. (0x5)
[0109/100111.240:ERROR:process_reader_win.cc(151)] SuspendThread: Acceso denegado. (0x5)
[0109/100111.240:ERROR:process_reader_win.cc(151)] SuspendThread: Acceso denegado. (0x5)
[0109/100111.240:ERROR:process_reader_win.cc(151)] SuspendThread: Acceso denegado. (0x5)
[0109/100111.240:ERROR:process_reader_win.cc(151)] SuspendThread: Acceso denegado. (0x5)
[0109/100111.240:ERROR:process_reader_win.cc(151)] SuspendThread: Acceso denegado. (0x5)
[0109/100111.240:ERROR:process_reader_win.cc(151)] SuspendThread: Acceso denegado. (0x5)
[0109/100111.240:ERROR:process_reader_win.cc(151)] SuspendThread: Acceso denegado. (0x5)
[0109/100111.240:ERROR:process_reader_win.cc(151)] SuspendThread: Acceso denegado. (0x5)
[0109/100111.240:ERROR:process_reader_win.cc(151)] SuspendThread: Acceso denegado. (0x5)
[0109/100111.241:ERROR:process_reader_win.cc(151)] SuspendThread: Acceso denegado. (0x5)
[0109/100111.241:ERROR:process_reader_win.cc(151)] SuspendThread: Acceso denegado. (0x5)
[0109/100111.241:ERROR:process_reader_win.cc(151)] SuspendThread: Acceso denegado. (0x5)
[0109/100111.241:ERROR:process_reader_win.cc(151)] SuspendThread: Acceso denegado. (0x5)
[0109/100111.241:ERROR:process_reader_win.cc(151)] SuspendThread: Acceso denegado. (0x5)
[0109/100111.241:ERROR:process_reader_win.cc(151)] SuspendThread: Acceso denegado. (0x5)
[0109/100111.241:ERROR:process_reader_win.cc(151)] SuspendThread: Acceso denegado. (0x5)
[0109/100111.241:ERROR:process_reader_win.cc(151)] SuspendThread: Acceso denegado. (0x5)
[0109/100111.241:ERROR:process_reader_win.cc(151)] SuspendThread: Acceso denegado. (0x5)
[0109/100111.241:ERROR:process_reader_win.cc(151)] SuspendThread: Acceso denegado. (0x5)
[0109/100111.241:ERROR:process_reader_win.cc(151)] SuspendThread: Acceso denegado. (0x5)
[0109/100111.241:ERROR:process_reader_win.cc(151)] SuspendThread: Acceso denegado. (0x5)
[0109/100111.241:ERROR:process_reader_win.cc(151)] SuspendThread: Acceso denegado. (0x5)
[0109/100111.241:ERROR:process_reader_win.cc(151)] SuspendThread: Acceso denegado. (0x5)
[0109/100111.241:ERROR:process_reader_win.cc(151)] SuspendThread: Acceso denegado. (0x5)
[0109/100111.241:ERROR:process_reader_win.cc(151)] SuspendThread: Acceso denegado. (0x5)
[0109/100111.241:ERROR:process_reader_win.cc(151)] SuspendThread: Acceso denegado. (0x5)
[0109/100111.241:ERROR:process_reader_win.cc(151)] SuspendThread: Acceso denegado. (0x5)
[0109/100111.241:ERROR:process_reader_win.cc(151)] SuspendThread: Acceso denegado. (0x5)
[0109/100111.241:ERROR:process_reader_win.cc(151)] SuspendThread: Acceso denegado. (0x5)
[0109/100111.241:ERROR:process_reader_win.cc(151)] SuspendThread: Acceso denegado. (0x5)
[0109/100111.241:ERROR:process_reader_win.cc(151)] SuspendThread: Acceso denegado. (0x5)
[0109/100111.241:ERROR:process_reader_win.cc(151)] SuspendThread: Acceso denegado. (0x5)
[0109/100111.241:ERROR:process_reader_win.cc(151)] SuspendThread: Acceso denegado. (0x5)
[0109/100111.241:ERROR:process_reader_win.cc(151)] SuspendThread: Acceso denegado. (0x5)
[0109/100111.241:ERROR:process_reader_win.cc(151)] SuspendThread: Acceso denegado. (0x5)
[0109/100111.241:ERROR:process_reader_win.cc(151)] SuspendThread: Acceso denegado. (0x5)
[0109/100111.241:ERROR:process_reader_win.cc(151)] SuspendThread: Acceso denegado. (0x5)
[0109/100111.241:ERROR:process_reader_win.cc(151)] SuspendThread: Acceso denegado. (0x5)
[0109/100111.241:ERROR:process_reader_win.cc(151)] SuspendThread: Acceso denegado. (0x5)
[0109/100111.241:ERROR:process_reader_win.cc(151)] SuspendThread: Acceso denegado. (0x5)
[0109/100111.241:ERROR:process_reader_win.cc(151)] SuspendThread: Acceso denegado. (0x5)
[0109/100111.241:ERROR:process_reader_win.cc(151)] SuspendThread: Acceso denegado. (0x5)
[0109/100111.241:ERROR:process_reader_win.cc(151)] SuspendThread: Acceso denegado. (0x5)
[0109/100111.241:ERROR:process_reader_win.cc(151)] SuspendThread: Acceso denegado. (0x5)
[0109/100111.242:ERROR:process_reader_win.cc(151)] SuspendThread: Acceso denegado. (0x5)
[0109/100111.241:ERROR:process_reader_win.cc(151)] SuspendThread: Acceso denegado. (0x5)
[0109/100111.242:ERROR:process_reader_win.cc(151)] SuspendThread: Acceso denegado. (0x5)
[0109/100111.242:ERROR:process_reader_win.cc(151)] SuspendThread: Acceso denegado. (0x5)
[0109/100111.242:ERROR:process_reader_win.cc(151)] SuspendThread: Acceso denegado. (0x5)
[0109/100111.242:ERROR:process_reader_win.cc(151)] SuspendThread: Acceso denegado. (0x5)
[0109/100111.242:ERROR:process_reader_win.cc(151)] SuspendThread: Acceso denegado. (0x5)
[0109/100111.242:ERROR:process_reader_win.cc(151)] SuspendThread: Acceso denegado. (0x5)
[0109/100111.242:ERROR:process_reader_win.cc(151)] SuspendThread: Acceso denegado. (0x5)
[0109/100111.242:ERROR:process_reader_win.cc(151)] SuspendThread: Acceso denegado. (0x5)
[0109/100111.242:ERROR:process_reader_win.cc(151)] SuspendThread: Acceso denegado. (0x5)
[0109/100111.242:ERROR:process_reader_win.cc(151)] SuspendThread: Acceso denegado. (0x5)
[0109/100111.242:ERROR:process_reader_win.cc(151)] SuspendThread: Acceso denegado. (0x5)
[0109/100111.242:ERROR:process_reader_win.cc(151)] SuspendThread: Acceso denegado. (0x5)
[0109/100111.242:ERROR:process_reader_win.cc(151)] SuspendThread: Acceso denegado. (0x5)
[0109/100111.242:ERROR:process_reader_win.cc(151)] SuspendThread: Acceso denegado. (0x5)
[0109/100111.242:ERROR:process_reader_win.cc(151)] SuspendThread: Acceso denegado. (0x5)
[0109/100111.242:ERROR:process_reader_win.cc(151)] SuspendThread: Acceso denegado. (0x5)
[0109/100111.242:ERROR:process_reader_win.cc(151)] SuspendThread: Acceso denegado. (0x5)
[0109/100111.241:ERROR:process_reader_win.cc(151)] SuspendThread: Acceso denegado. (0x5)
[0109/100111.243:ERROR:process_reader_win.cc(151)] SuspendThread: Acceso denegado. (0x5)
[0109/100111.243:ERROR:process_reader_win.cc(151)] SuspendThread: Acceso denegado. (0x5)
[0109/100111.243:ERROR:process_reader_win.cc(151)] SuspendThread: Acceso denegado. (0x5)
[0109/100111.243:ERROR:process_reader_win.cc(151)] SuspendThread: Acceso denegado. (0x5)
[0109/100111.243:ERROR:process_reader_win.cc(151)] SuspendThread: Acceso denegado. (0x5)
[0109/100111.243:ERROR:process_reader_win.cc(151)] SuspendThread: Acceso denegado. (0x5)
[0109/100111.243:ERROR:process_reader_win.cc(151)] SuspendThread: Acceso denegado. (0x5)
[0109/100111.243:ERROR:process_reader_win.cc(151)] SuspendThread: Acceso denegado. (0x5)
[0109/100111.243:ERROR:process_reader_win.cc(151)] SuspendThread: Acceso denegado. (0x5)
[0109/100111.243:ERROR:process_reader_win.cc(151)] SuspendThread: Acceso denegado. (0x5)
[0109/100111.243:ERROR:process_reader_win.cc(151)] SuspendThread: Acceso denegado. (0x5)
[0109/100111.243:ERROR:process_reader_win.cc(151)] SuspendThread: Acceso denegado. (0x5)
[0109/100111.243:ERROR:process_reader_win.cc(151)] SuspendThread: Acceso denegado. (0x5)
[0109/100111.243:ERROR:process_reader_win.cc(151)] SuspendThread: Acceso denegado. (0x5)
[0109/100111.243:ERROR:process_reader_win.cc(151)] SuspendThread: Acceso denegado. (0x5)
[0109/100111.243:ERROR:process_reader_win.cc(151)] SuspendThread: Acceso denegado. (0x5)
[0109/100111.243:ERROR:process_reader_win.cc(151)] SuspendThread: Acceso denegado. (0x5)
[0109/100111.243:ERROR:process_reader_win.cc(151)] SuspendThread: Acceso denegado. (0x5)
[0109/100111.243:ERROR:process_reader_win.cc(151)] SuspendThread: Acceso denegado. (0x5)
[0109/100111.243:ERROR:process_reader_win.cc(151)] SuspendThread: Acceso denegado. (0x5)
[0109/100111.243:ERROR:process_reader_win.cc(151)] SuspendThread: Acceso denegado. (0x5)
[0109/100111.243:ERROR:process_reader_win.cc(151)] SuspendThread: Acceso denegado. (0x5)
[0109/100111.242:ERROR:process_reader_win.cc(123)] NtOpenThread: {Acceso denegado} Un proceso ha solicitado acceso a un objeto, pero no se le han concedido esos derechos de acceso. (0xc0000022)
[0109/100111.243:ERROR:process_reader_win.cc(151)] SuspendThread: Acceso denegado. (0x5)
[0109/100111.243:ERROR:exception_snapshot_win.cc(98)] thread ID 6596 not found in process
[0109/100111.243:ERROR:process_reader_win.cc(151)] SuspendThread: Acceso denegado. (0x5)
[0109/100111.243:ERROR:process_reader_win.cc(151)] SuspendThread: Acceso denegado. (0x5)
[0109/100111.243:ERROR:process_reader_win.cc(151)] SuspendThread: Acceso denegado. (0x5)
[0109/100111.243:ERROR:process_reader_win.cc(151)] SuspendThread: Acceso denegado. (0x5)
[0109/100111.243:ERROR:process_reader_win.cc(151)] SuspendThread: Acceso denegado. (0x5)
[0109/100111.243:ERROR:process_reader_win.cc(151)] SuspendThread: Acceso denegado. (0x5)
[0109/100111.243:ERROR:process_reader_win.cc(151)] SuspendThread: Acceso denegado. (0x5)
[0109/100111.243:ERROR:process_reader_win.cc(151)] SuspendThread: Acceso denegado. (0x5)
[0109/100111.243:ERROR:process_reader_win.cc(151)] SuspendThread: Acceso denegado. (0x5)
[0109/100111.243:ERROR:process_reader_win.cc(151)] SuspendThread: Acceso denegado. (0x5)
[0109/100111.244:ERROR:process_reader_win.cc(151)] SuspendThread: Acceso denegado. (0x5)
[0109/100111.243:ERROR:process_reader_win.cc(123)] NtOpenThread: {Acceso denegado} Un proceso ha solicitado acceso a un objeto, pero no se le han concedido esos derechos de acceso. (0xc0000022)
[0109/100111.244:ERROR:exception_snapshot_win.cc(98)] thread ID 12048 not found in process
[0109/100111.244:ERROR:process_reader_win.cc(151)] SuspendThread: Acceso denegado. (0x5)
[0109/100111.244:ERROR:process_reader_win.cc(123)] NtOpenThread: {Acceso denegado} Un proceso ha solicitado acceso a un objeto, pero no se le han concedido esos derechos de acceso. (0xc0000022)
[0109/100111.245:ERROR:exception_snapshot_win.cc(98)] thread ID 18260 not found in process
[0109/100111.287:ERROR:process_reader_win.cc(151)] SuspendThread: Acceso denegado. (0x5)
[0109/100111.291:ERROR:process_reader_win.cc(151)] SuspendThread: Acceso denegado. (0x5)
[0109/100111.291:ERROR:process_reader_win.cc(151)] SuspendThread: Acceso denegado. (0x5)
[0109/100111.291:ERROR:process_reader_win.cc(151)] SuspendThread: Acceso denegado. (0x5)
[0109/100111.291:ERROR:process_reader_win.cc(123)] NtOpenThread: {Acceso denegado} Un proceso ha solicitado acceso a un objeto, pero no se le han concedido esos derechos de acceso. (0xc0000022)
[0109/100111.293:ERROR:exception_snapshot_win.cc(98)] thread ID 13060 not found in process
[0109/101022.406:ERROR:process_reader_win.cc(151)] SuspendThread: Acceso denegado. (0x5)
[0109/101022.407:ERROR:process_reader_win.cc(151)] SuspendThread: Acceso denegado. (0x5)
[0109/101022.407:ERROR:process_reader_win.cc(151)] SuspendThread: Acceso denegado. (0x5)
[0109/101022.407:ERROR:process_reader_win.cc(151)] SuspendThread: Acceso denegado. (0x5)
[0109/101022.407:ERROR:process_reader_win.cc(123)] NtOpenThread: {Acceso denegado} Un proceso ha solicitado acceso a un objeto, pero no se le han concedido esos derechos de acceso. (0xc0000022)
[0109/101022.409:ERROR:exception_snapshot_win.cc(98)] thread ID 12480 not found in process
[0109/101022.413:ERROR:process_reader_win.cc(151)] SuspendThread: Acceso denegado. (0x5)
[0109/101022.414:ERROR:process_reader_win.cc(151)] SuspendThread: Acceso denegado. (0x5)
[0109/101022.414:ERROR:process_reader_win.cc(151)] SuspendThread: Acceso denegado. (0x5)
[0109/101022.414:ERROR:process_reader_win.cc(151)] SuspendThread: Acceso denegado. (0x5)
[0109/101022.414:ERROR:process_reader_win.cc(123)] NtOpenThread: {Acceso denegado} Un proceso ha solicitado acceso a un objeto, pero no se le han concedido esos derechos de acceso. (0xc0000022)
[0109/101022.416:ERROR:exception_snapshot_win.cc(98)] thread ID 14224 not found in process
[0109/101839.247:ERROR:process_reader_win.cc(151)] SuspendThread: Acceso denegado. (0x5)
[0109/101839.248:ERROR:process_reader_win.cc(151)] SuspendThread: Acceso denegado. (0x5)
[0109/101839.249:ERROR:process_reader_win.cc(151)] SuspendThread: Acceso denegado. (0x5)
[0109/101839.249:ERROR:process_reader_win.cc(151)] SuspendThread: Acceso denegado. (0x5)
[0109/101839.249:ERROR:process_reader_win.cc(151)] SuspendThread: Acceso denegado. (0x5)
[0109/101839.249:ERROR:process_reader_win.cc(151)] SuspendThread: Acceso denegado. (0x5)
[0109/101839.249:ERROR:process_reader_win.cc(151)] SuspendThread: Acceso denegado. (0x5)
[0109/101839.249:ERROR:process_reader_win.cc(151)] SuspendThread: Acceso denegado. (0x5)
[0109/101839.249:ERROR:process_reader_win.cc(151)] SuspendThread: Acceso denegado. (0x5)
[0109/101839.249:ERROR:process_reader_win.cc(151)] SuspendThread: Acceso denegado. (0x5)
[0109/101839.249:ERROR:process_reader_win.cc(151)] SuspendThread: Acceso denegado. (0x5)
[0109/101839.249:ERROR:process_reader_win.cc(151)] SuspendThread: Acceso denegado. (0x5)
[0109/101839.249:ERROR:process_reader_win.cc(151)] SuspendThread: Acceso denegado. (0x5)
[0109/101839.249:ERROR:process_reader_win.cc(151)] SuspendThread: Acceso denegado. (0x5)
[0109/101839.249:ERROR:process_reader_win.cc(151)] SuspendThread: Acceso denegado. (0x5)
[0109/101839.249:ERROR:process_reader_win.cc(151)] SuspendThread: Acceso denegado. (0x5)
[0109/101839.249:ERROR:process_reader_win.cc(151)] SuspendThread: Acceso denegado. (0x5)
[0109/101839.249:ERROR:process_reader_win.cc(151)] SuspendThread: Acceso denegado. (0x5)
[0109/101839.249:ERROR:process_reader_win.cc(151)] SuspendThread: Acceso denegado. (0x5)
[0109/101839.249:ERROR:process_reader_win.cc(151)] SuspendThread: Acceso denegado. (0x5)
[0109/101839.249:ERROR:process_reader_win.cc(151)] SuspendThread: Acceso denegado. (0x5)
[0109/101839.249:ERROR:process_reader_win.cc(151)] SuspendThread: Acceso denegado. (0x5)
[0109/101839.249:ERROR:process_reader_win.cc(151)] SuspendThread: Acceso denegado. (0x5)
[0109/101839.249:ERROR:process_reader_win.cc(151)] SuspendThread: Acceso denegado. (0x5)
[0109/101839.249:ERROR:process_reader_win.cc(151)] SuspendThread: Acceso denegado. (0x5)
[0109/101839.249:ERROR:process_reader_win.cc(151)] SuspendThread: Acceso denegado. (0x5)
[0109/101839.249:ERROR:process_reader_win.cc(151)] SuspendThread: Acceso denegado. (0x5)
[0109/101839.249:ERROR:process_reader_win.cc(151)] SuspendThread: Acceso denegado. (0x5)
[0109/101839.249:ERROR:process_reader_win.cc(151)] SuspendThread: Acceso denegado. (0x5)
[0109/101839.249:ERROR:process_reader_win.cc(151)] SuspendThread: Acceso denegado. (0x5)
[0109/101839.249:ERROR:process_reader_win.cc(151)] SuspendThread: Acceso denegado. (0x5)
[0109/101839.249:ERROR:process_reader_win.cc(151)] SuspendThread: Acceso denegado. (0x5)
[0109/101839.249:ERROR:process_reader_win.cc(151)] SuspendThread: Acceso denegado. (0x5)
[0109/101839.249:ERROR:process_reader_win.cc(151)] SuspendThread: Acceso denegado. (0x5)
[0109/101839.250:ERROR:process_reader_win.cc(151)] SuspendThread: Acceso denegado. (0x5)
[0109/101839.249:ERROR:process_reader_win.cc(151)] SuspendThread: Acceso denegado. (0x5)
[0109/101839.250:ERROR:process_reader_win.cc(151)] SuspendThread: Acceso denegado. (0x5)
[0109/101839.250:ERROR:process_reader_win.cc(151)] SuspendThread: Acceso denegado. (0x5)
[0109/101839.250:ERROR:process_reader_win.cc(151)] SuspendThread: Acceso denegado. (0x5)
[0109/101839.250:ERROR:process_reader_win.cc(151)] SuspendThread: Acceso denegado. (0x5)
[0109/101839.250:ERROR:process_reader_win.cc(151)] SuspendThread: Acceso denegado. (0x5)
[0109/101839.250:ERROR:process_reader_win.cc(151)] SuspendThread: Acceso denegado. (0x5)
[0109/101839.250:ERROR:process_reader_win.cc(151)] SuspendThread: Acceso denegado. (0x5)
[0109/101839.250:ERROR:process_reader_win.cc(151)] SuspendThread: Acceso denegado. (0x5)
[0109/101839.250:ERROR:process_reader_win.cc(151)] SuspendThread: Acceso denegado. (0x5)
[0109/101839.250:ERROR:process_reader_win.cc(151)] SuspendThread: Acceso denegado. (0x5)
[0109/101839.250:ERROR:process_reader_win.cc(123)] NtOpenThread: {Acceso denegado} Un proceso ha solicitado acceso a un objeto, pero no se le han concedido esos derechos de acceso. (0xc0000022)
[0109/101839.250:ERROR:process_reader_win.cc(151)] SuspendThread: Acceso denegado. (0x5)
[0109/101839.250:ERROR:exception_snapshot_win.cc(98)] thread ID 8568 not found in process
[0109/101839.251:ERROR:process_reader_win.cc(151)] SuspendThread: Acceso denegado. (0x5)
[0109/101839.252:ERROR:process_reader_win.cc(151)] SuspendThread: Acceso denegado. (0x5)
[0109/101839.252:ERROR:process_reader_win.cc(151)] SuspendThread: Acceso denegado. (0x5)
[0109/101839.252:ERROR:process_reader_win.cc(151)] SuspendThread: Acceso denegado. (0x5)
[0109/101839.252:ERROR:process_reader_win.cc(151)] SuspendThread: Acceso denegado. (0x5)
[0109/101839.252:ERROR:process_reader_win.cc(151)] SuspendThread: Acceso denegado. (0x5)
[0109/101839.252:ERROR:process_reader_win.cc(151)] SuspendThread: Acceso denegado. (0x5)
[0109/101839.252:ERROR:process_reader_win.cc(151)] SuspendThread: Acceso denegado. (0x5)
[0109/101839.252:ERROR:process_reader_win.cc(151)] SuspendThread: Acceso denegado. (0x5)
[0109/101839.252:ERROR:process_reader_win.cc(151)] SuspendThread: Acceso denegado. (0x5)
[0109/101839.252:ERROR:process_reader_win.cc(151)] SuspendThread: Acceso denegado. (0x5)
[0109/101839.252:ERROR:process_reader_win.cc(151)] SuspendThread: Acceso denegado. (0x5)
[0109/101839.252:ERROR:process_reader_win.cc(151)] SuspendThread: Acceso denegado. (0x5)
[0109/101839.253:ERROR:process_reader_win.cc(151)] SuspendThread: Acceso denegado. (0x5)
[0109/101839.253:ERROR:process_reader_win.cc(151)] SuspendThread: Acceso denegado. (0x5)
[0109/101839.253:ERROR:process_reader_win.cc(151)] SuspendThread: Acceso denegado. (0x5)
[0109/101839.253:ERROR:process_reader_win.cc(151)] SuspendThread: Acceso denegado. (0x5)
[0109/101839.253:ERROR:process_reader_win.cc(151)] SuspendThread: Acceso denegado. (0x5)
[0109/101839.253:ERROR:process_reader_win.cc(151)] SuspendThread: Acceso denegado. (0x5)
[0109/101839.253:ERROR:process_reader_win.cc(151)] SuspendThread: Acceso denegado. (0x5)
[0109/101839.253:ERROR:process_reader_win.cc(151)] SuspendThread: Acceso denegado. (0x5)
[0109/101839.253:ERROR:process_reader_win.cc(151)] SuspendThread: Acceso denegado. (0x5)
[0109/101839.253:ERROR:process_reader_win.cc(151)] SuspendThread: Acceso denegado. (0x5)
[0109/101839.253:ERROR:process_reader_win.cc(151)] SuspendThread: Acceso denegado. (0x5)
[0109/101839.253:ERROR:process_reader_win.cc(151)] SuspendThread: Acceso denegado. (0x5)
[0109/101839.253:ERROR:process_reader_win.cc(151)] SuspendThread: Acceso denegado. (0x5)
[0109/101839.253:ERROR:process_reader_win.cc(151)] SuspendThread: Acceso denegado. (0x5)
[0109/101839.253:ERROR:process_reader_win.cc(151)] SuspendThread: Acceso denegado. (0x5)
[0109/101839.253:ERROR:process_reader_win.cc(151)] SuspendThread: Acceso denegado. (0x5)
[0109/101839.253:ERROR:process_reader_win.cc(151)] SuspendThread: Acceso denegado. (0x5)
[0109/101839.253:ERROR:process_reader_win.cc(123)] NtOpenThread: {Acceso denegado} Un proceso ha solicitado acceso a un objeto, pero no se le han concedido esos derechos de acceso. (0xc0000022)
[0109/101839.253:ERROR:exception_snapshot_win.cc(98)] thread ID 8548 not found in process
[0109/111721.975:ERROR:process_reader_win.cc(151)] SuspendThread: Acceso denegado. (0x5)
[0109/111721.976:ERROR:process_reader_win.cc(151)] SuspendThread: Acceso denegado. (0x5)
[0109/111721.976:ERROR:process_reader_win.cc(151)] SuspendThread: Acceso denegado. (0x5)
[0109/111721.976:ERROR:process_reader_win.cc(151)] SuspendThread: Acceso denegado. (0x5)
[0109/111721.976:ERROR:process_reader_win.cc(151)] SuspendThread: Acceso denegado. (0x5)
[0109/111721.976:ERROR:process_reader_win.cc(151)] SuspendThread: Acceso denegado. (0x5)
[0109/111721.976:ERROR:process_reader_win.cc(151)] SuspendThread: Acceso denegado. (0x5)
[0109/111721.976:ERROR:process_reader_win.cc(151)] SuspendThread: Acceso denegado. (0x5)
[0109/111721.976:ERROR:process_reader_win.cc(151)] SuspendThread: Acceso denegado. (0x5)
[0109/111721.976:ERROR:process_reader_win.cc(151)] SuspendThread: Acceso denegado. (0x5)
[0109/111721.976:ERROR:process_reader_win.cc(151)] SuspendThread: Acceso denegado. (0x5)
[0109/111721.976:ERROR:process_reader_win.cc(151)] SuspendThread: Acceso denegado. (0x5)
[0109/111721.976:ERROR:process_reader_win.cc(151)] SuspendThread: Acceso denegado. (0x5)
[0109/111721.976:ERROR:process_reader_win.cc(151)] SuspendThread: Acceso denegado. (0x5)
[0109/111721.976:ERROR:process_reader_win.cc(123)] NtOpenThread: {Acceso denegado} Un proceso ha solicitado acceso a un objeto, pero no se le han concedido esos derechos de acceso. (0xc0000022)
[0109/111721.979:ERROR:exception_snapshot_win.cc(98)] thread ID 11372 not found in process
[0109/111722.029:ERROR:process_reader_win.cc(151)] SuspendThread: Acceso denegado. (0x5)
[0109/111722.030:ERROR:process_reader_win.cc(151)] SuspendThread: Acceso denegado. (0x5)
[0109/111722.030:ERROR:process_reader_win.cc(151)] SuspendThread: Acceso denegado. (0x5)
[0109/111722.030:ERROR:process_reader_win.cc(151)] SuspendThread: Acceso denegado. (0x5)
[0109/111722.030:ERROR:process_reader_win.cc(151)] SuspendThread: Acceso denegado. (0x5)
[0109/111722.030:ERROR:process_reader_win.cc(123)] NtOpenThread: {Acceso denegado} Un proceso ha solicitado acceso a un objeto, pero no se le han concedido esos derechos de acceso. (0xc0000022)
[0109/111722.030:ERROR:exception_snapshot_win.cc(98)] thread ID 16840 not found in process
[0111/104930.491:ERROR:process_reader_win.cc(123)] NtOpenThread: {Acceso denegado} Un proceso ha solicitado acceso a un objeto, pero no se le han concedido esos derechos de acceso. (0xc0000022)
[0111/104930.495:ERROR:exception_snapshot_win.cc(98)] thread ID 11108 not found in process
[0113/125212.238:ERROR:process_reader_win.cc(151)] SuspendThread: Acceso denegado. (0x5)
[0113/125212.240:ERROR:process_reader_win.cc(151)] SuspendThread: Acceso denegado. (0x5)
[0113/125212.240:ERROR:process_reader_win.cc(151)] SuspendThread: Acceso denegado. (0x5)
[0113/125212.240:ERROR:process_reader_win.cc(151)] SuspendThread: Acceso denegado. (0x5)
[0113/125212.240:ERROR:process_reader_win.cc(123)] NtOpenThread: {Acceso denegado} Un proceso ha solicitado acceso a un objeto, pero no se le han concedido esos derechos de acceso. (0xc0000022)
[0113/125212.241:ERROR:exception_snapshot_win.cc(98)] thread ID 2040 not found in process
[0113/125455.850:ERROR:process_reader_win.cc(123)] NtOpenThread: {Acceso denegado} Un proceso ha solicitado acceso a un objeto, pero no se le han concedido esos derechos de acceso. (0xc0000022)
[0113/125455.857:ERROR:exception_snapshot_win.cc(98)] thread ID 804 not found in process
[0113/133335.050:ERROR:process_reader_win.cc(123)] NtOpenThread: {Acceso denegado} Un proceso ha solicitado acceso a un objeto, pero no se le han concedido esos derechos de acceso. (0xc0000022)
[0113/133335.053:ERROR:exception_snapshot_win.cc(98)] thread ID 15720 not found in process
[0113/133705.455:ERROR:process_reader_win.cc(123)] NtOpenThread: {Acceso denegado} Un proceso ha solicitado acceso a un objeto, pero no se le han concedido esos derechos de acceso. (0xc0000022)
[0113/133705.456:ERROR:exception_snapshot_win.cc(98)] thread ID 17428 not found in process
[0113/140600.884:ERROR:process_reader_win.cc(123)] NtOpenThread: {Acceso denegado} Un proceso ha solicitado acceso a un objeto, pero no se le han concedido esos derechos de acceso. (0xc0000022)
[0113/140600.886:ERROR:exception_snapshot_win.cc(98)] thread ID 14564 not found in process
[0113/143240.458:ERROR:process_reader_win.cc(123)] NtOpenThread: {Acceso denegado} Un proceso ha solicitado acceso a un objeto, pero no se le han concedido esos derechos de acceso. (0xc0000022)
[0113/143240.459:ERROR:exception_snapshot_win.cc(98)] thread ID 13788 not found in process
